Copyright 1986-2022 Xilinx, Inc. All Rights Reserved. Copyright 2022-2023 Advanced Micro Devices, Inc. All Rights Reserved.
---------------------------------------------------------------------------------------------------------------------------------------------
| Tool Version : Vivado v.2023.2 (win64) Build 4029153 Fri Oct 13 20:14:34 MDT 2023
| Date         : Wed Feb 26 08:12:33 2025
| Host         : SaverZY running 64-bit major release  (build 9200)
| Command      : upgrade_project -migrate_output_products
| Project_Path : X:/1-Projiect/3-FPGA/CPU-qh/CPU_design/CPU.xpr
---------------------------------------------------------------------------------------------------------------------------------------------

Project Status Summary

1. Project IP Status
--------------------
This project contains 3 IP and 0 Block Designs.


1.1 Project IP Instances
+-------+-------------------------+-------------------------------------+-------------------------------------+
| Insta | Status                  | Reason                              | Recommendation                      |
| Name  |                         |                                     |                                     |
+-------+-------------------------+-------------------------------------+-------------------------------------+
| RAM   | Will be Migrated.       |                                     |                                     |
+-------+-------------------------+-------------------------------------+-------------------------------------+
| ROM   | Will be Migrated.       |                                     |                                     |
+-------+-------------------------+-------------------------------------+-------------------------------------+
| multi | Will be Migrated.       |                                     |                                     |
+-------+-------------------------+-------------------------------------+-------------------------------------+



